%boot setupTime 0.007920
%boot computeHeuristicTime 0.000936
%call problem "POMDP/5x5_masecase3.POMDP"
%call pddlProblem false
%call software-revision 2.00
%call version original (fixed)
%call epsilon 0.000001
%call pims [8,2000,500]
%call cutoff 250
%call qmdp-discount 1.000000
%call heuristic-lookahead 0
%call zero-heuristic off
%call hash-all off
%call random-ties off
%call random-seed 0
%call verbose-level 0
%call precision 6
%call output-level 0
%call max-update off
%call stoprule off
%call epsilon-greedy 0.000000
%call control-updates off
%call sondik off
%call sondik-method timestamps
%call sondik-max-planes 16
%call sondik-iterations 100
%call qmethod plain
%call qlevels 15.000000
%call qbase 0.950000
%learningStats learningTime 0.309633 initialValue 0.559083 hashRatio 73.005456
%controlStats  learningTime 0.309633 initialValue 0.559083 rewardAvg 0.454108 confInterval 0.067488 hashRatio 71.403509
%learningStats learningTime 0.613344 initialValue 0.559486 hashRatio 73.114838
%controlStats  learningTime 0.613344 initialValue 0.559486 rewardAvg 0.516389 confInterval 0.067488 hashRatio 71.395471
%learningStats learningTime 0.909385 initialValue 0.559596 hashRatio 73.097450
%controlStats  learningTime 0.909385 initialValue 0.559596 rewardAvg 0.588937 confInterval 0.069997 hashRatio 71.431906
%learningStats learningTime 1.230441 initialValue 0.558842 hashRatio 73.102944
%controlStats  learningTime 1.230441 initialValue 0.558842 rewardAvg 0.557145 confInterval 0.066011 hashRatio 71.399157
%learningStats learningTime 1.552415 initialValue 0.559136 hashRatio 73.128037
%controlStats  learningTime 1.552415 initialValue 0.559136 rewardAvg 0.565602 confInterval 0.071731 hashRatio 71.441474
%learningStats learningTime 1.849148 initialValue 0.559334 hashRatio 73.119812
%controlStats  learningTime 1.849148 initialValue 0.559334 rewardAvg 0.591473 confInterval 0.070911 hashRatio 71.414943
%learningStats learningTime 2.145364 initialValue 0.558765 hashRatio 73.109906
%controlStats  learningTime 2.145364 initialValue 0.558765 rewardAvg 0.539449 confInterval 0.065424 hashRatio 71.458676
%learningStats learningTime 2.441266 initialValue 0.558235 hashRatio 73.085175
%controlStats  learningTime 2.441266 initialValue 0.558235 rewardAvg 0.531246 confInterval 0.070293 hashRatio 71.431079
%pomdp initialBeliefValue 39.441765
%pomdp expansions 5000000
%pomdp learningTime 2.441266
%pomdp controlTime 0.700085
%hash size 1048576
%hash numEntries 582
%hash freeSlots 1047994
%hash diameter 1
%hash avgLength 1.000000
%hash nlookups 4042
%hash nfound 2891
%cache emptyBuckets 31
%cache emptySlots 998
%cache hitRatio 0.999781
%time 3.214832
